2019-06-17 15:33:41.399  INFO 31880 --- [main] c.interest.blog.InterestBlogApplication  : The following profiles are active: prod
2019-06-17 15:33:43.449  INFO 31880 --- [main] .s.d.r.c.RepositoryConfigurationDelegate : Multiple Spring Data modules found, entering strict repository configuration mode!
2019-06-17 15:33:43.453  INFO 31880 --- [main] .s.d.r.c.RepositoryConfigurationDelegate : Bootstrapping Spring Data repositories in DEFAULT mode.
2019-06-17 15:33:43.500  INFO 31880 --- [main] .s.d.r.c.RepositoryConfigurationDelegate : Finished Spring Data repository scanning in 24ms. Found 0 repository interfaces.
2019-06-17 15:33:43.709  WARN 31880 --- [main] o.s.boot.actuate.endpoint.EndpointId     : Endpoint ID 'service-registry' contains invalid characters, please migrate to a valid format.
2019-06-17 15:33:44.270  INFO 31880 --- [main] o.s.cloud.context.scope.GenericScope     : BeanFactory id=bb3b1c89-c124-3085-8060-b4dd924eb05e
2019-06-17 15:33:44.370  INFO 31880 --- [main] trationDelegate$BeanPostProcessorChecker : Bean 'com.interest.common.feign.InterestBbsFeign' of type [org.springframework.cloud.openfeign.FeignClientFactoryBean] is not eligible for getting processed by all BeanPostProcessors (for example: not eligible for auto-proxying)
2019-06-17 15:33:44.371  INFO 31880 --- [main] trationDelegate$BeanPostProcessorChecker : Bean 'com.interest.common.feign.InterestBlogFeign' of type [org.springframework.cloud.openfeign.FeignClientFactoryBean] is not eligible for getting processed by all BeanPostProcessors (for example: not eligible for auto-proxying)
2019-06-17 15:33:44.373  INFO 31880 --- [main] trationDelegate$BeanPostProcessorChecker : Bean 'com.interest.common.feign.InterestMessageFeign' of type [org.springframework.cloud.openfeign.FeignClientFactoryBean] is not eligible for getting processed by all BeanPostProcessors (for example: not eligible for auto-proxying)
2019-06-17 15:33:44.375  INFO 31880 --- [main] trationDelegate$BeanPostProcessorChecker : Bean 'com.interest.common.feign.InterestUserFeign' of type [org.springframework.cloud.openfeign.FeignClientFactoryBean] is not eligible for getting processed by all BeanPostProcessors (for example: not eligible for auto-proxying)
2019-06-17 15:33:44.460  INFO 31880 --- [main] trationDelegate$BeanPostProcessorChecker : Bean 'org.springframework.transaction.annotation.ProxyTransactionManagementConfiguration' of type [org.springframework.transaction.annotation.ProxyTransactionManagementConfiguration$$EnhancerBySpringCGLIB$$b470a151] is not eligible for getting processed by all BeanPostProcessors (for example: not eligible for auto-proxying)
2019-06-17 15:33:44.593  INFO 31880 --- [main] trationDelegate$BeanPostProcessorChecker : Bean 'org.springframework.security.config.annotation.configuration.ObjectPostProcessorConfiguration' of type [org.springframework.security.config.annotation.configuration.ObjectPostProcessorConfiguration$$EnhancerBySpringCGLIB$$4d1e698b] is not eligible for getting processed by all BeanPostProcessors (for example: not eligible for auto-proxying)
2019-06-17 15:33:44.605  INFO 31880 --- [main] trationDelegate$BeanPostProcessorChecker : Bean 'objectPostProcessor' of type [org.springframework.security.config.annotation.configuration.AutowireBeanFactoryObjectPostProcessor] is not eligible for getting processed by all BeanPostProcessors (for example: not eligible for auto-proxying)
2019-06-17 15:33:44.614  INFO 31880 --- [main] trationDelegate$BeanPostProcessorChecker : Bean 'org.springframework.security.access.expression.method.DefaultMethodSecurityExpressionHandler@92e2c93' of type [org.springframework.security.oauth2.provider.expression.OAuth2MethodSecurityExpressionHandler] is not eligible for getting processed by all BeanPostProcessors (for example: not eligible for auto-proxying)
2019-06-17 15:33:44.620  INFO 31880 --- [main] trationDelegate$BeanPostProcessorChecker : Bean 'org.springframework.security.config.annotation.method.configuration.GlobalMethodSecurityConfiguration' of type [org.springframework.security.config.annotation.method.configuration.GlobalMethodSecurityConfiguration$$EnhancerBySpringCGLIB$$71f30c3d] is not eligible for getting processed by all BeanPostProcessors (for example: not eligible for auto-proxying)
2019-06-17 15:33:44.626  INFO 31880 --- [main] trationDelegate$BeanPostProcessorChecker : Bean 'methodSecurityMetadataSource' of type [org.springframework.security.access.method.DelegatingMethodSecurityMetadataSource] is not eligible for getting processed by all BeanPostProcessors (for example: not eligible for auto-proxying)
2019-06-17 15:33:44.703  INFO 31880 --- [main] trationDelegate$BeanPostProcessorChecker : Bean 'org.springframework.cloud.autoconfigure.ConfigurationPropertiesRebinderAutoConfiguration' of type [org.springframework.cloud.autoconfigure.ConfigurationPropertiesRebinderAutoConfiguration$$EnhancerBySpringCGLIB$$d08aa44e] is not eligible for getting processed by all BeanPostProcessors (for example: not eligible for auto-proxying)
2019-06-17 15:33:45.100  INFO 31880 --- [main] o.s.b.w.embedded.tomcat.TomcatWebServer  : Tomcat initialized with port(s): 8085 (http)
2019-06-17 15:33:45.129  INFO 31880 --- [main] o.apache.catalina.core.StandardService   : Starting service [Tomcat]
2019-06-17 15:33:45.129  INFO 31880 --- [main] org.apache.catalina.core.StandardEngine  : Starting Servlet engine: [Apache Tomcat/9.0.16]
2019-06-17 15:33:45.137  INFO 31880 --- [main] o.a.catalina.core.AprLifecycleListener   : The APR based Apache Tomcat Native library which allows optimal performance in production environments was not found on the java.library.path: [D:\Program Files\Java\jdk1.8.0_112\bin;C:\Windows\Sun\Java\bin;C:\Windows\system32;C:\Windows;D:\app\sunhao.lc\product\11.2.0\client_1;%JAVA_HOME%\bin;C:\ProgramData\Oracle\Java\javapath;C:\Windows\system32;C:\Windows;C:\Windows\System32\Wbem;C:\Windows\System32\WindowsPowerShell\v1.0\;C:\Windows\System32\OpenSSH\;C:\Program Files (x86)\Intel\Intel(R) Management Engine Components\DAL;C:\Program Files\Intel\Intel(R) Management Engine Components\DAL;D:\Program Files (x86)\nodejs\;C:\Program Files\TortoiseSVN\bin;C:\Users\sunhao.lc\AppData\Local\Microsoft\WindowsApps;D:\Program Files\Java\jdk1.8.0_112\bin;D:\Program Files\apache-maven-3.6.0\bin;C:\Users\sunhao.lc\AppData\Roaming\npm;.]
2019-06-17 15:33:45.336  INFO 31880 --- [main] o.a.c.c.C.[.[.[/interest/blog]           : Initializing Spring embedded WebApplicationContext
2019-06-17 15:33:45.336 DEBUG 31880 --- [main] o.s.web.context.ContextLoader            : Published root WebApplicationContext as ServletContext attribute with name [org.springframework.web.context.WebApplicationContext.ROOT]
2019-06-17 15:33:45.337  INFO 31880 --- [main] o.s.web.context.ContextLoader            : Root WebApplicationContext: initialization completed in 3925 ms
2019-06-17 15:33:45.504  WARN 31880 --- [main] c.n.c.sources.URLConfigurationSource     : No URLs will be polled as dynamic configuration sources.
2019-06-17 15:33:45.504  INFO 31880 --- [main] c.n.c.sources.URLConfigurationSource     : To enable URLs as dynamic configuration sources, define System property archaius.configurationSource.additionalUrls or make config.properties available on classpath.
2019-06-17 15:33:45.518  INFO 31880 --- [main] c.netflix.config.DynamicPropertyFactory  : DynamicPropertyFactory is initialized with configuration sources: com.netflix.config.ConcurrentCompositeConfiguration@29c80149
2019-06-17 15:33:47.545  INFO 31880 --- [main] o.s.cloud.commons.util.InetUtils         : Cannot determine local hostname
2019-06-17 15:33:47.904 DEBUG 31880 --- [main] o.springframework.web.filter.CorsFilter  : Filter 'corsFilter' configured for use
2019-06-17 15:33:48.217  INFO 31880 --- [main] o.s.s.concurrent.ThreadPoolTaskExecutor  : Initializing ExecutorService 'threadPoolTaskExecutor'
2019-06-17 15:33:48.518 DEBUG 31880 --- [main] .PrePostAnnotationSecurityMetadataSource : @org.springframework.security.access.prepost.PreAuthorize(value=hasAnyRole('ROLE_SUPER_ADMIN','ROLE_BASE_ADMIN')) found on specific method: public com.interest.common.model.ResponseWrapper com.interest.blog.controller.ArticleController.getArticles(java.lang.String,java.lang.String,int,int,int)
2019-06-17 15:33:48.529 DEBUG 31880 --- [main] m.DelegatingMethodSecurityMetadataSource : Caching method [CacheKey[com.interest.blog.controller.ArticleController; public com.interest.common.model.ResponseWrapper com.interest.blog.controller.ArticleController.getArticles(java.lang.String,java.lang.String,int,int,int)]] with attributes [[authorize: 'hasAnyRole('ROLE_SUPER_ADMIN','ROLE_BASE_ADMIN')', filter: 'null', filterTarget: 'null']]
2019-06-17 15:33:48.539 DEBUG 31880 --- [main] o.s.s.a.i.a.MethodSecurityInterceptor    : Validated configuration attributes
2019-06-17 15:33:48.541 DEBUG 31880 --- [main] .PrePostAnnotationSecurityMetadataSource : @org.springframework.security.access.prepost.PreAuthorize(value=hasAnyRole('ROLE_SUPER_ADMIN','ROLE_BASE_ADMIN')) found on specific method: public com.interest.common.model.ResponseWrapper com.interest.blog.controller.ArticleController.delArticles(java.util.List)
2019-06-17 15:33:48.541 DEBUG 31880 --- [main] m.DelegatingMethodSecurityMetadataSource : Caching method [CacheKey[com.interest.blog.controller.ArticleController; public com.interest.common.model.ResponseWrapper com.interest.blog.controller.ArticleController.delArticles(java.util.List)]] with attributes [[authorize: 'hasAnyRole('ROLE_SUPER_ADMIN','ROLE_BASE_ADMIN')', filter: 'null', filterTarget: 'null']]
2019-06-17 15:33:48.543 DEBUG 31880 --- [main] .PrePostAnnotationSecurityMetadataSource : @org.springframework.security.access.prepost.PreAuthorize(value=hasAnyRole('ROLE_SUPER_ADMIN','ROLE_BASE_ADMIN')) found on specific method: public com.interest.common.model.ResponseWrapper com.interest.blog.controller.ArticleController.changeArticlesTop(java.util.List,int)
2019-06-17 15:33:48.543 DEBUG 31880 --- [main] m.DelegatingMethodSecurityMetadataSource : Caching method [CacheKey[com.interest.blog.controller.ArticleController; public com.interest.common.model.ResponseWrapper com.interest.blog.controller.ArticleController.changeArticlesTop(java.util.List,int)]] with attributes [[authorize: 'hasAnyRole('ROLE_SUPER_ADMIN','ROLE_BASE_ADMIN')', filter: 'null', filterTarget: 'null']]
2019-06-17 15:33:48.543 DEBUG 31880 --- [main] .PrePostAnnotationSecurityMetadataSource : @org.springframework.security.access.prepost.PreAuthorize(value=hasAnyRole('ROLE_SUPER_ADMIN','ROLE_BASE_ADMIN')) found on specific method: public com.interest.common.model.ResponseWrapper com.interest.blog.controller.ArticleController.republishArticles(java.util.List)
2019-06-17 15:33:48.543 DEBUG 31880 --- [main] m.DelegatingMethodSecurityMetadataSource : Caching method [CacheKey[com.interest.blog.controller.ArticleController; public com.interest.common.model.ResponseWrapper com.interest.blog.controller.ArticleController.republishArticles(java.util.List)]] with attributes [[authorize: 'hasAnyRole('ROLE_SUPER_ADMIN','ROLE_BASE_ADMIN')', filter: 'null', filterTarget: 'null']]
2019-06-17 15:33:48.828 DEBUG 31880 --- [main] s.w.s.m.m.a.RequestMappingHandlerMapping : 22 mappings in 'requestMappingHandlerMapping'
2019-06-17 15:33:48.926  INFO 31880 --- [main] o.s.b.a.e.web.EndpointLinksResolver      : Exposing 2 endpoint(s) beneath base path '/actuator'
2019-06-17 15:33:49.060  INFO 31880 --- [main] pertySourcedRequestMappingHandlerMapping : Mapped URL path [/v2/api-docs] onto method [public org.springframework.http.ResponseEntity<springfox.documentation.spring.web.json.Json> springfox.documentation.swagger2.web.Swagger2Controller.getDocumentation(java.lang.String,javax.servlet.http.HttpServletRequest)]
2019-06-17 15:33:49.177  WARN 31880 --- [main] c.n.c.sources.URLConfigurationSource     : No URLs will be polled as dynamic configuration sources.
2019-06-17 15:33:49.177  INFO 31880 --- [main] c.n.c.sources.URLConfigurationSource     : To enable URLs as dynamic configuration sources, define System property archaius.configurationSource.additionalUrls or make config.properties available on classpath.
2019-06-17 15:33:49.247 DEBUG 31880 --- [main] o.s.w.s.handler.SimpleUrlHandlerMapping  : Patterns [/**/favicon.ico] in 'faviconHandlerMapping'
2019-06-17 15:33:49.405 DEBUG 31880 --- [main] s.w.s.m.m.a.RequestMappingHandlerAdapter : ControllerAdvice beans: 0 @ModelAttribute, 0 @InitBinder, 1 RequestBodyAdvice, 1 ResponseBodyAdvice
2019-06-17 15:33:49.442 DEBUG 31880 --- [main] o.s.w.s.handler.SimpleUrlHandlerMapping  : Patterns [/webjars/**, /**] in 'resourceHandlerMapping'
2019-06-17 15:33:49.456 DEBUG 31880 --- [main] .m.m.a.ExceptionHandlerExceptionResolver : ControllerAdvice beans: 1 @ExceptionHandler, 1 ResponseBodyAdvice
2019-06-17 15:33:49.613  INFO 31880 --- [main] com.zaxxer.hikari.HikariDataSource       : DatebookHikariCP - Starting...
2019-06-17 15:33:49.747  INFO 31880 --- [main] com.zaxxer.hikari.HikariDataSource       : DatebookHikariCP - Start completed.
2019-06-17 15:33:50.486  INFO 31880 --- [main] liquibase.executor.jvm.JdbcExecutor      : SELECT COUNT(*) FROM interest_blog.DATABASECHANGELOGLOCK
2019-06-17 15:33:50.513  INFO 31880 --- [main] liquibase.executor.jvm.JdbcExecutor      : SELECT COUNT(*) FROM interest_blog.DATABASECHANGELOGLOCK
2019-06-17 15:33:50.516  INFO 31880 --- [main] liquibase.executor.jvm.JdbcExecutor      : SELECT `LOCKED` FROM interest_blog.DATABASECHANGELOGLOCK WHERE ID=1
2019-06-17 15:33:50.595  INFO 31880 --- [main] l.lockservice.StandardLockService        : Successfully acquired change log lock
2019-06-17 15:33:51.498  INFO 31880 --- [main] liquibase.executor.jvm.JdbcExecutor      : SELECT MD5SUM FROM interest_blog.DATABASECHANGELOG WHERE MD5SUM IS NOT NULL LIMIT 1
2019-06-17 15:33:51.505  INFO 31880 --- [main] liquibase.executor.jvm.JdbcExecutor      : SELECT COUNT(*) FROM interest_blog.DATABASECHANGELOG
2019-06-17 15:33:51.506  INFO 31880 --- [main] l.c.StandardChangeLogHistoryService      : Reading from interest_blog.DATABASECHANGELOG
2019-06-17 15:33:51.507  INFO 31880 --- [main] liquibase.executor.jvm.JdbcExecutor      : SELECT * FROM interest_blog.DATABASECHANGELOG ORDER BY DATEEXECUTED ASC, ORDEREXECUTED ASC
2019-06-17 15:33:51.520  INFO 31880 --- [main] l.lockservice.StandardLockService        : Successfully released change log lock
2019-06-17 15:33:51.593 DEBUG 31880 --- [main] eGlobalAuthenticationAutowiredConfigurer : Eagerly initializing {myResourceServerConfigurerAdapter=com.interest.blog.oauth2.MyResourceServerConfigurerAdapter$$EnhancerBySpringCGLIB$$f31801e@22617270, org.springframework.boot.autoconfigure.security.servlet.WebSecurityEnablerConfiguration=org.springframework.boot.autoconfigure.security.servlet.WebSecurityEnablerConfiguration$$EnhancerBySpringCGLIB$$d1ffcb86@30ae6721}
2019-06-17 15:33:51.605  INFO 31880 --- [main] .s.s.UserDetailsServiceAutoConfiguration : 

Using generated security password: 0e181586-d7ae-42f2-8194-77ef4c1389db

2019-06-17 15:33:51.834 DEBUG 31880 --- [main] edFilterInvocationSecurityMetadataSource : Adding web access control expression 'permitAll', for Ant [pattern='/public/**']
2019-06-17 15:33:51.836 DEBUG 31880 --- [main] edFilterInvocationSecurityMetadataSource : Adding web access control expression 'permitAll', for Ant [pattern='/**/*.jpg']
2019-06-17 15:33:51.838 DEBUG 31880 --- [main] edFilterInvocationSecurityMetadataSource : Adding web access control expression 'permitAll', for Ant [pattern='/**/*.png']
2019-06-17 15:33:51.838 DEBUG 31880 --- [main] edFilterInvocationSecurityMetadataSource : Adding web access control expression 'permitAll', for Ant [pattern='/**/*.jpeg']
2019-06-17 15:33:51.838 DEBUG 31880 --- [main] edFilterInvocationSecurityMetadataSource : Adding web access control expression 'permitAll', for Ant [pattern='/interest/**']
2019-06-17 15:33:51.838 DEBUG 31880 --- [main] edFilterInvocationSecurityMetadataSource : Adding web access control expression 'permitAll', for Ant [pattern='/**/*.html']
2019-06-17 15:33:51.838 DEBUG 31880 --- [main] edFilterInvocationSecurityMetadataSource : Adding web access control expression 'permitAll', for Ant [pattern='/**/*.css']
2019-06-17 15:33:51.838 DEBUG 31880 --- [main] edFilterInvocationSecurityMetadataSource : Adding web access control expression 'permitAll', for Ant [pattern='/**/*.js']
2019-06-17 15:33:51.838 DEBUG 31880 --- [main] edFilterInvocationSecurityMetadataSource : Adding web access control expression 'permitAll', for Ant [pattern='/**/swagger-resources/**']
2019-06-17 15:33:51.838 DEBUG 31880 --- [main] edFilterInvocationSecurityMetadataSource : Adding web access control expression 'permitAll', for Ant [pattern='/**/*.woff2']
2019-06-17 15:33:51.838 DEBUG 31880 --- [main] edFilterInvocationSecurityMetadataSource : Adding web access control expression 'permitAll', for Ant [pattern='/**/v2/**']
2019-06-17 15:33:51.839 DEBUG 31880 --- [main] edFilterInvocationSecurityMetadataSource : Adding web access control expression 'authenticated', for any request
2019-06-17 15:33:51.841 DEBUG 31880 --- [main] o.s.s.w.a.i.FilterSecurityInterceptor    : Validated configuration attributes
2019-06-17 15:33:51.841 DEBUG 31880 --- [main] o.s.s.w.a.i.FilterSecurityInterceptor    : Validated configuration attributes
2019-06-17 15:33:51.843  INFO 31880 --- [main] o.s.s.web.DefaultSecurityFilterChain     : Creating filter chain: any request, [org.springframework.security.web.context.request.async.WebAsyncManagerIntegrationFilter@4f142cbd, org.springframework.security.web.context.SecurityContextPersistenceFilter@2c9616bb, org.springframework.security.web.header.HeaderWriterFilter@3c380db5, org.springframework.security.web.authentication.logout.LogoutFilter@77a27356, org.springframework.security.oauth2.provider.authentication.OAuth2AuthenticationProcessingFilter@1a034bbc, org.springframework.security.web.savedrequest.RequestCacheAwareFilter@1635e239, org.springframework.security.web.servletapi.SecurityContextHolderAwareRequestFilter@2b1f0667, org.springframework.security.web.authentication.AnonymousAuthenticationFilter@766534b0, org.springframework.security.web.session.SessionManagementFilter@626a4e0a, org.springframework.security.web.access.ExceptionTranslationFilter@16488ed7, org.springframework.security.web.access.intercept.FilterSecurityInterceptor@796267e8]
2019-06-17 15:33:52.088  INFO 31880 --- [main] o.s.s.c.ThreadPoolTaskScheduler          : Initializing ExecutorService 'taskScheduler'
2019-06-17 15:33:53.625  INFO 31880 --- [main] o.s.cloud.commons.util.InetUtils         : Cannot determine local hostname
2019-06-17 15:33:53.788  INFO 31880 --- [main] o.s.c.n.eureka.InstanceInfoFactory       : Setting initial instance status as: STARTING
2019-06-17 15:33:53.823  INFO 31880 --- [main] com.netflix.discovery.DiscoveryClient    : Initializing Eureka in region us-east-1
2019-06-17 15:33:54.185  INFO 31880 --- [main] c.n.d.provider.DiscoveryJerseyProvider   : Using JSON encoding codec LegacyJacksonJson
2019-06-17 15:33:54.185  INFO 31880 --- [main] c.n.d.provider.DiscoveryJerseyProvider   : Using JSON decoding codec LegacyJacksonJson
2019-06-17 15:33:54.311  INFO 31880 --- [main] c.n.d.provider.DiscoveryJerseyProvider   : Using XML encoding codec XStreamXml
2019-06-17 15:33:54.313  INFO 31880 --- [main] c.n.d.provider.DiscoveryJerseyProvider   : Using XML decoding codec XStreamXml
2019-06-17 15:33:54.546  INFO 31880 --- [main] c.n.d.s.r.aws.ConfigClusterResolver      : Resolving eureka endpoints via configuration
2019-06-17 15:33:54.790  INFO 31880 --- [main] com.netflix.discovery.DiscoveryClient    : Disable delta property : false
2019-06-17 15:33:54.791  INFO 31880 --- [main] com.netflix.discovery.DiscoveryClient    : Single vip registry refresh property : null
2019-06-17 15:33:54.791  INFO 31880 --- [main] com.netflix.discovery.DiscoveryClient    : Force full registry fetch : false
2019-06-17 15:33:54.791  INFO 31880 --- [main] com.netflix.discovery.DiscoveryClient    : Application is null : false
2019-06-17 15:33:54.791  INFO 31880 --- [main] com.netflix.discovery.DiscoveryClient    : Registered Applications size is zero : true
2019-06-17 15:33:54.791  INFO 31880 --- [main] com.netflix.discovery.DiscoveryClient    : Application version is -1: true
2019-06-17 15:33:54.791  INFO 31880 --- [main] com.netflix.discovery.DiscoveryClient    : Getting all instance registry info from the eureka server
2019-06-17 15:33:55.010  INFO 31880 --- [main] com.netflix.discovery.DiscoveryClient    : The response status is 200
2019-06-17 15:33:55.013  INFO 31880 --- [main] com.netflix.discovery.DiscoveryClient    : Starting heartbeat executor: renew interval is: 30
2019-06-17 15:33:55.016  INFO 31880 --- [main] c.n.discovery.InstanceInfoReplicator     : InstanceInfoReplicator onDemand update allowed rate per min is 4
2019-06-17 15:33:55.020  INFO 31880 --- [main] com.netflix.discovery.DiscoveryClient    : Discovery Client initialized at timestamp 1560756835019 with initial instances count: 7
2019-06-17 15:33:55.027  INFO 31880 --- [main] o.s.c.n.e.s.EurekaServiceRegistry        : Registering application INTEREST-BLOG with eureka with status UP
2019-06-17 15:33:55.028  INFO 31880 --- [main] com.netflix.discovery.DiscoveryClient    : Saw local status change event StatusChangeEvent [timestamp=1560756835028, current=UP, previous=STARTING]
2019-06-17 15:33:55.030  INFO 31880 --- [main] d.s.w.p.DocumentationPluginsBootstrapper : Context refreshed
2019-06-17 15:33:55.031  INFO 31880 --- [DiscoveryClient-InstanceInfoReplicator-0] com.netflix.discovery.DiscoveryClient    : DiscoveryClient_INTEREST-BLOG/localhost:interest-blog:8085: registering service...
2019-06-17 15:33:55.057  INFO 31880 --- [main] d.s.w.p.DocumentationPluginsBootstrapper : Found 1 custom documentation plugin(s)
2019-06-17 15:33:55.076  INFO 31880 --- [DiscoveryClient-InstanceInfoReplicator-0] com.netflix.discovery.DiscoveryClient    : DiscoveryClient_INTEREST-BLOG/localhost:interest-blog:8085 - registration status: 204
2019-06-17 15:33:55.110  INFO 31880 --- [main] s.d.s.w.s.ApiListingReferenceScanner     : Scanning for api listing references
2019-06-17 15:33:55.246  INFO 31880 --- [main] .d.s.w.r.o.CachingOperationNameGenerator : Generating unique operation named: getArticleUsingGET_1
2019-06-17 15:33:55.327  INFO 31880 --- [main] o.s.b.w.embedded.tomcat.TomcatWebServer  : Tomcat started on port(s): 8085 (http) with context path '/interest/blog'
2019-06-17 15:33:55.328  INFO 31880 --- [main] .s.c.n.e.s.EurekaAutoServiceRegistration : Updating port to 8085
2019-06-17 15:33:55.330  INFO 31880 --- [main] c.interest.blog.InterestBlogApplication  : Started InterestBlogApplication in 18.819 seconds (JVM running for 21.147)
2019-06-17 15:33:55.775  INFO 31880 --- [RMI TCP Connection(6)-10.0.75.1] o.a.c.c.C.[.[.[/interest/blog]           : Initializing Spring DispatcherServlet 'dispatcherServlet'
2019-06-17 15:33:55.776  INFO 31880 --- [RMI TCP Connection(6)-10.0.75.1] o.s.web.servlet.DispatcherServlet        : Initializing Servlet 'dispatcherServlet'
2019-06-17 15:33:55.776 DEBUG 31880 --- [RMI TCP Connection(6)-10.0.75.1] o.s.web.servlet.DispatcherServlet        : Detected StandardServletMultipartResolver
2019-06-17 15:33:55.792 DEBUG 31880 --- [RMI TCP Connection(6)-10.0.75.1] o.s.web.servlet.DispatcherServlet        : enableLoggingRequestDetails='false': request parameters and headers will be masked to prevent unsafe logging of potentially sensitive data
2019-06-17 15:33:55.793  INFO 31880 --- [RMI TCP Connection(6)-10.0.75.1] o.s.web.servlet.DispatcherServlet        : Completed initialization in 17 ms
2019-06-17 15:33:55.919  INFO 31880 --- [RMI TCP Connection(5)-10.0.75.1] io.lettuce.core.EpollProvider            : Starting without optional epoll library
2019-06-17 15:33:55.920  INFO 31880 --- [RMI TCP Connection(5)-10.0.75.1] io.lettuce.core.KqueueProvider           : Starting without optional kqueue library
2019-06-17 15:36:45.517  INFO 31880 --- [Thread-43] o.s.c.n.e.s.EurekaServiceRegistry        : Unregistering application INTEREST-BLOG with eureka with status DOWN
2019-06-17 15:36:45.517  WARN 31880 --- [Thread-43] com.netflix.discovery.DiscoveryClient    : Saw local status change event StatusChangeEvent [timestamp=1560757005517, current=DOWN, previous=UP]
2019-06-17 15:36:45.519  INFO 31880 --- [DiscoveryClient-InstanceInfoReplicator-0] com.netflix.discovery.DiscoveryClient    : DiscoveryClient_INTEREST-BLOG/localhost:interest-blog:8085: registering service...
2019-06-17 15:36:45.524  INFO 31880 --- [Thread-43] o.s.s.c.ThreadPoolTaskScheduler          : Shutting down ExecutorService 'taskScheduler'
2019-06-17 15:36:45.533  INFO 31880 --- [DiscoveryClient-InstanceInfoReplicator-0] com.netflix.discovery.DiscoveryClient    : DiscoveryClient_INTEREST-BLOG/localhost:interest-blog:8085 - registration status: 204
2019-06-17 15:36:45.534  INFO 31880 --- [Thread-43] o.s.s.concurrent.ThreadPoolTaskExecutor  : Shutting down ExecutorService 'threadPoolTaskExecutor'
2019-06-17 15:36:46.678  INFO 31880 --- [Thread-43] com.netflix.discovery.DiscoveryClient    : Shutting down DiscoveryClient ...
2019-06-17 15:36:49.681  INFO 31880 --- [Thread-43] com.netflix.discovery.DiscoveryClient    : Unregistering ...
2019-06-17 15:36:49.689  INFO 31880 --- [Thread-43] com.netflix.discovery.DiscoveryClient    : DiscoveryClient_INTEREST-BLOG/localhost:interest-blog:8085 - deregister  status: 200
2019-06-17 15:36:49.696  INFO 31880 --- [Thread-43] com.netflix.discovery.DiscoveryClient    : Completed shut down of DiscoveryClient
2019-06-17 15:36:49.696  INFO 31880 --- [Thread-43] com.zaxxer.hikari.HikariDataSource       : DatebookHikariCP - Shutdown initiated...
2019-06-17 15:36:49.701  INFO 31880 --- [Thread-43] com.zaxxer.hikari.HikariDataSource       : DatebookHikariCP - Shutdown completed.
